<?xml version="1.0" encoding="UTF-8"?>
<!-- Generated by org.testng.reporters.JUnitXMLReporter -->
<testsuite hostname="Dev" ignored="3" name="Test(failed)(failed)" tests="1" failures="0" timestamp="05 Nov 2017 03:43:38 GMT" time="0.049" errors="0">
  <testcase name="Bb" time="0.02" classname="testNGTests.GroupsTest"/>
  <testcase name="Aa" time="0.0" classname="testNGTests.GroupsTest">
    <ignored/>
  </testcase> <!-- Aa -->
  <testcase name="Bbb" time="0.0" classname="testNGTests.GroupsTest">
    <ignored/>
  </testcase> <!-- Bbb -->
  <testcase name="Aaa" time="0.0" classname="testNGTests.GroupsTest">
    <ignored/>
  </testcase> <!-- Aaa -->
</testsuite> <!-- Test(failed)(failed) -->
