<?xml version="1.0" encoding="UTF-8"?>
<!-- Generated by org.testng.reporters.JUnitXMLReporter -->
<testsuite hostname="Dev" ignored="0" name="Default test" tests="4" failures="0" timestamp="05 Nov 2017 03:47:51 GMT" time="24.92" errors="0">
  <testcase name="Aa" time="0.01" classname="testNGTests.GroupsTest"/>
  <testcase name="Aaa" time="0.006" classname="testNGTests.GroupsTest"/>
  <testcase name="Bb" time="0.013" classname="testNGTests.GroupsTest"/>
  <testcase name="Bbb" time="0.003" classname="testNGTests.GroupsTest"/>
</testsuite> <!-- Default test -->
